1619028410265	mozrunner::runner	INFO	Running command: "C:\\Program Files\\Mozilla Firefox\\firefox.exe" "-marionette" "-foreground" "-no-remote" "-profile" "C:\\Users\\Lucas\\AppData\\Local\\Temp\\rust_mozprofiletPw2M1"
JavaScript error: resource://gre/modules/XULStore.jsm, line 66: Error: Can't find profile directory.
console.warn: SearchSettings: "get: No settings file exists, new profile?" (new Error("", "(unknown module)"))
1619028415803	Marionette	INFO	Listening on port 60741
1619028416119	Marionette	WARN	TLS certificate errors will be ignored for this session
[Parent 20700, IPC I/O Parent] WARNING: file /builds/worker/checkouts/gecko/ipc/chromium/src/base/process_util_win.cc:167
1619028428134	Marionette	INFO	Stopped listening on port 60741

###!!! [Child][RunMessage] Error: Channel closing: too late to send/recv, messages will be lost

1619028457554	mozrunner::runner	INFO	Running command: "C:\\Program Files\\Mozilla Firefox\\firefox.exe" "-marionette" "-foreground" "-no-remote" "-profile" "C:\\Users\\Lucas\\AppData\\Local\\Temp\\rust_mozprofile9ux02f"
console.warn: SearchSettings: "get: No settings file exists, new profile?" (new Error("", "(unknown module)"))
JavaScript error: resource://gre/modules/XULStore.jsm, line 66: Error: Can't find profile directory.
1619028462781	Marionette	INFO	Listening on port 60962
1619028462858	Marionette	WARN	TLS certificate errors will be ignored for this session
1619028499314	Marionette	INFO	Stopped listening on port 60962

###!!! [Child][RunMessage] Error: Channel closing: too late to send/recv, messages will be lost

1619028523152	mozrunner::runner	INFO	Running command: "C:\\Program Files\\Mozilla Firefox\\firefox.exe" "-marionette" "-foreground" "-no-remote" "-profile" "C:\\Users\\Lucas\\AppData\\Local\\Temp\\rust_mozprofileqZuL2y"
console.warn: SearchSettings: "get: No settings file exists, new profile?" (new Error("", "(unknown module)"))
JavaScript error: resource://gre/modules/XULStore.jsm, line 66: Error: Can't find profile directory.
1619028528076	Marionette	INFO	Listening on port 61170
1619028528954	Marionette	WARN	TLS certificate errors will be ignored for this session
1619028547933	Marionette	INFO	Stopped listening on port 61170

###!!! [Child][RunMessage] Error: Channel closing: too late to send/recv, messages will be lost

1619028588464	mozrunner::runner	INFO	Running command: "C:\\Program Files\\Mozilla Firefox\\firefox.exe" "-marionette" "-foreground" "-no-remote" "-profile" "C:\\Users\\Lucas\\AppData\\Local\\Temp\\rust_mozprofileX2csuJ"
console.warn: SearchSettings: "get: No settings file exists, new profile?" (new Error("", "(unknown module)"))
JavaScript error: resource://gre/modules/XULStore.jsm, line 66: Error: Can't find profile directory.
1619028592847	Marionette	INFO	Listening on port 61436
1619028593276	Marionette	WARN	TLS certificate errors will be ignored for this session
1619028600990	Marionette	INFO	Stopped listening on port 61436

###!!! [Child][RunMessage] Error: Channel closing: too late to send/recv, messages will be lost

1619028612536	mozrunner::runner	INFO	Running command: "C:\\Program Files\\Mozilla Firefox\\firefox.exe" "-marionette" "-foreground" "-no-remote" "-profile" "C:\\Users\\Lucas\\AppData\\Local\\Temp\\rust_mozprofileLZIp0o"
console.warn: SearchSettings: "get: No settings file exists, new profile?" (new Error("", "(unknown module)"))
JavaScript error: resource://gre/modules/XULStore.jsm, line 66: Error: Can't find profile directory.
1619028616936	Marionette	INFO	Listening on port 61580
1619028617343	Marionette	WARN	TLS certificate errors will be ignored for this session
1619028629070	Marionette	INFO	Stopped listening on port 61580

###!!! [Child][RunMessage] Error: Channel closing: too late to send/recv, messages will be lost

1619028648732	mozrunner::runner	INFO	Running command: "C:\\Program Files\\Mozilla Firefox\\firefox.exe" "-marionette" "-foreground" "-no-remote" "-profile" "C:\\Users\\Lucas\\AppData\\Local\\Temp\\rust_mozprofileAEKCJq"
console.warn: SearchSettings: "get: No settings file exists, new profile?" (new Error("", "(unknown module)"))
JavaScript error: resource://gre/modules/XULStore.jsm, line 66: Error: Can't find profile directory.
1619028653465	Marionette	INFO	Listening on port 61725
1619028653533	Marionette	WARN	TLS certificate errors will be ignored for this session
[Parent 21864, IPC I/O Parent] WARNING: file /builds/worker/checkouts/gecko/ipc/chromium/src/base/process_util_win.cc:167
1619028666438	Marionette	INFO	Stopped listening on port 61725

###!!! [Child][RunMessage] Error: Channel closing: too late to send/recv, messages will be lost

1619028679068	mozrunner::runner	INFO	Running command: "C:\\Program Files\\Mozilla Firefox\\firefox.exe" "-marionette" "-foreground" "-no-remote" "-profile" "C:\\Users\\Lucas\\AppData\\Local\\Temp\\rust_mozprofiley2oxfO"
console.warn: SearchSettings: "get: No settings file exists, new profile?" (new Error("", "(unknown module)"))
JavaScript error: resource://gre/modules/XULStore.jsm, line 66: Error: Can't find profile directory.
1619028683866	Marionette	INFO	Listening on port 61865
1619028683891	Marionette	WARN	TLS certificate errors will be ignored for this session
1619028695440	Marionette	INFO	Stopped listening on port 61865

###!!! [Child][RunMessage] Error: Channel closing: too late to send/recv, messages will be lost

1619028702922	mozrunner::runner	INFO	Running command: "C:\\Program Files\\Mozilla Firefox\\firefox.exe" "-marionette" "-foreground" "-no-remote" "-profile" "C:\\Users\\Lucas\\AppData\\Local\\Temp\\rust_mozprofile4cFBPK"
console.warn: SearchSettings: "get: No settings file exists, new profile?" (new Error("", "(unknown module)"))
JavaScript error: resource://gre/modules/XULStore.jsm, line 66: Error: Can't find profile directory.
1619028707749	Marionette	INFO	Listening on port 61992
1619028708236	Marionette	WARN	TLS certificate errors will be ignored for this session
1619028717630	Marionette	INFO	Stopped listening on port 61992

###!!! [Child][RunMessage] Error: Channel closing: too late to send/recv, messages will be lost

1619031128604	mozrunner::runner	INFO	Running command: "C:\\Program Files\\Mozilla Firefox\\firefox.exe" "-marionette" "-foreground" "-no-remote" "-profile" "C:\\Users\\Lucas\\AppData\\Local\\Temp\\rust_mozprofileMXOQtN"
console.warn: SearchSettings: "get: No settings file exists, new profile?" (new Error("", "(unknown module)"))
JavaScript error: resource://gre/modules/XULStore.jsm, line 66: Error: Can't find profile directory.
1619031134802	Marionette	INFO	Listening on port 65226
1619031135169	Marionette	WARN	TLS certificate errors will be ignored for this session
1619031144592	Marionette	INFO	Stopped listening on port 65226

###!!! [Child][RunMessage] Error: Channel closing: too late to send/recv, messages will be lost

